"../../../Engine/Content/Functions/Engine_MaterialFunctions02/Utility/CameraDirectionVector.uasset" 0
"../../../Engine/Content/Functions/Engine_MaterialFunctions02/Utility/CameraDirectionVector.uexp" 1
"../../../Engine/Content/EngineDebugMaterials/VolumeToRender.uasset" 2
"../../../Engine/Content/EngineDebugMaterials/VolumeToRender.uexp" 3
"../../../Engine/Content/EngineDebugMaterials/M_VolumeRenderSphereTracePP.uasset" 4
"../../../Engine/Content/EngineDebugMaterials/M_VolumeRenderSphereTracePP.uexp" 5
"../../../Engine/Content/EngineDebugMaterials/M_SimpleUnlitTranslucent.uasset" 6
"../../../Engine/Content/EngineDebugMaterials/M_SimpleUnlitTranslucent.uexp" 7
"../../../Engine/Content/EngineDebugMaterials/DebugMeshMaterial.uasset" 8
"../../../Engine/Content/EngineDebugMaterials/DebugMeshMaterial.uexp" 9
"../../../Engine/Content/EngineDebugMaterials/DebugEditorMaterial.uasset" 10
"../../../Engine/Content/EngineDebugMaterials/DebugEditorMaterial.uexp" 11
"../../../Engine/Content/EngineDamageTypes/DmgTypeBP_Environmental.uasset" 12
"../../../Engine/Content/EngineDamageTypes/DmgTypeBP_Environmental.uexp" 13
"../../../Engine/Content/EditorResources/S_TriggerSphere.uasset" 14
"../../../Engine/Content/EditorResources/S_TriggerSphere.uexp" 15
"../../../Engine/Content/EditorResources/S_TriggerCapsule.uasset" 16
"../../../Engine/Content/EditorResources/S_TriggerCapsule.uexp" 17
"../../../Engine/Content/EditorResources/S_TriggerBox.uasset" 18
"../../../Engine/Content/EditorResources/S_TriggerBox.uexp" 19
"../../../Engine/Content/EditorResources/S_Trigger.ubulk" 20
"../../../Engine/Content/EditorResources/S_Trigger.uasset" 21
"../../../Engine/Content/EditorResources/S_Trigger.uexp" 22
"../../../Engine/Content/EditorResources/S_Terrain.ubulk" 23
"../../../Engine/Content/EditorResources/S_Terrain.uasset" 24
"../../../Engine/Content/EditorResources/S_Terrain.uexp" 25
"../../../Engine/Content/EditorResources/S_Solver.ubulk" 26
"../../../Engine/Content/EditorResources/S_Solver.uasset" 27
"../../../Engine/Content/EditorResources/S_Solver.uexp" 28
"../../../Engine/Content/EditorResources/S_BoxReflectionCapture.uasset" 29
"../../../Engine/Content/EditorResources/S_BoxReflectionCapture.uexp" 30
"../../../Engine/Content/EditorResources/S_Actor.ubulk" 31
"../../../Engine/Content/EditorResources/S_Actor.uasset" 32
"../../../Engine/Content/EditorResources/S_Actor.uexp" 33
"../../../Engine/Content/EditorResources/EmptyActor.uasset" 34
"../../../Engine/Content/EditorResources/EmptyActor.uexp" 35
"../../../Engine/Content/EditorResources/BSPVertex.uasset" 36
"../../../Engine/Content/EditorResources/BSPVertex.uexp" 37
"../../../Engine/Content/EngineFonts/Faces/RobotoLight.uexp" 38
"../../../Engine/Content/EngineFonts/Faces/RobotoLight.uasset" 39
"../../../Engine/Content/EngineFonts/Faces/RobotoLight.ufont" 40
"../../../Engine/Content/EngineFonts/Faces/RobotoBold.uexp" 41
"../../../Engine/Content/EngineFonts/Faces/RobotoBold.uasset" 42
"../../../Engine/Content/EngineFonts/Faces/RobotoBold.ufont" 43
"../../../Engine/Content/EngineFonts/Faces/RobotoRegular.uexp" 44
"../../../Engine/Content/EngineFonts/Faces/RobotoRegular.uasset" 45
"../../../Engine/Content/EngineFonts/Faces/RobotoRegular.ufont" 46
"../../../Engine/Content/EngineFonts/Faces/DroidSansFallback.uexp" 47
"../../../Engine/Content/EngineFonts/Faces/DroidSansFallback.uasset" 48
"../../../Engine/Content/EngineFonts/Faces/DroidSansFallback.ufont" 49
"../../../Engine/Content/EngineFonts/Faces/RobotoItalic.uexp" 50
"../../../Engine/Content/EngineFonts/Faces/RobotoItalic.uasset" 51
"../../../Engine/Content/EngineFonts/Faces/RobotoItalic.ufont" 52
"../../../Engine/Content/EngineFonts/Faces/RobotoBoldItalic.uexp" 53
"../../../Engine/Content/EngineFonts/Faces/RobotoBoldItalic.uasset" 54
"../../../Engine/Content/EngineFonts/Faces/RobotoBoldItalic.ufont" 55
"../../../Engine/Content/EngineFonts/Roboto.uasset" 56
"../../../Engine/Content/EngineFonts/Roboto.uexp" 57
"../../../Engine/Content/EditorResources/SequenceRecorder/RecordingIndicator.uasset" 58
"../../../Engine/Content/EditorResources/SequenceRecorder/RecordingIndicator.uexp" 59
"../../../Engine/Content/EditorResources/SequenceRecorder/Countdown.uasset" 60
"../../../Engine/Content/EditorResources/SequenceRecorder/Countdown.uexp" 61
"../../../Engine/Content/EditorResources/LightIcons/S_LightError.uasset" 62
"../../../Engine/Content/EditorResources/LightIcons/S_LightError.uexp" 63
"../../../Engine/Content/EditorMaterials/Camera/CineMat.uasset" 64
"../../../Engine/Content/EditorMaterials/Camera/CineMat.uexp" 65
"../../../Engine/Content/EditorMaterials/Camera/MI_CineMat_Rig.uasset" 66
"../../../Engine/Content/EditorMaterials/Camera/MI_CineMat_Rig.uexp" 67
"../../../Engine/Content/EditorMeshes/Camera/SM_RailRig_Track.uasset" 68
"../../../Engine/Content/EditorMeshes/Camera/SM_RailRig_Track.uexp" 69
"../../../Engine/Content/EditorMeshes/Camera/SM_RailRig_Mount.uasset" 70
"../../../Engine/Content/EditorMeshes/Camera/SM_RailRig_Mount.uexp" 71
"../../../Engine/Content/EditorMeshes/Camera/SM_CraneRig_Mount.uasset" 72
"../../../Engine/Content/EditorMeshes/Camera/SM_CraneRig_Mount.uexp" 73
"../../../Engine/Content/EditorMeshes/Camera/SM_CraneRig_Body.uasset" 74
"../../../Engine/Content/EditorMeshes/Camera/SM_CraneRig_Body.uexp" 75
"../../../Engine/Content/EditorMeshes/Camera/SM_CraneRig_Base.uasset" 76
"../../../Engine/Content/EditorMeshes/Camera/SM_CraneRig_Base.uexp" 77
"../../../Engine/Content/EditorMeshes/Camera/SM_CraneRig_Arm.uasset" 78
"../../../Engine/Content/EditorMeshes/Camera/SM_CraneRig_Arm.uexp" 79
"../../../Engine/Content/EditorMaterials/PreviewShadowIndicator.ubulk" 80
"../../../Engine/Content/EditorMaterials/PreviewShadowIndicator.uasset" 81
"../../../Engine/Content/EditorMaterials/PreviewShadowIndicator.uexp" 82
"../../../Engine/Content/EditorMaterials/PreviewShadowIndicatorMaterial.uasset" 83
"../../../Engine/Content/EditorMaterials/PreviewShadowIndicatorMaterial.uexp" 84
"../../../Engine/Content/EditorMaterials/MAT_Groups_Visibility.uasset" 85
"../../../Engine/Content/EditorMaterials/MAT_Groups_Visibility.uexp" 86
"../../../Engine/Content/EditorMaterials/MAT_Groups_Toggle.uasset" 87
"../../../Engine/Content/EditorMaterials/MAT_Groups_Toggle.uexp" 88
"../../../Engine/Content/Functions/Engine_MaterialFunctions02/Utility/MakeFloat4.uasset" 89
"../../../Engine/Content/Functions/Engine_MaterialFunctions02/Utility/MakeFloat4.uexp" 90
"../../../Engine/Content/Functions/Engine_MaterialFunctions02/Utility/MakeFloat3.uasset" 91
"../../../Engine/Content/Functions/Engine_MaterialFunctions02/Utility/MakeFloat3.uexp" 92
"../../../Engine/Content/Functions/Engine_MaterialFunctions02/Utility/BreakOutFloat3Components.uasset" 93
"../../../Engine/Content/Functions/Engine_MaterialFunctions02/Utility/BreakOutFloat3Components.uexp" 94
"../../../Engine/Content/EditorMaterials/WorldPartition/WorldPartitionSpatialHashGridPreviewMaterial.uasset" 95
"../../../Engine/Content/EditorMaterials/WorldPartition/WorldPartitionSpatialHashGridPreviewMaterial.uexp" 96
"../../../Engine/Content/EditorMaterials/ParticleSystems/PSysThumbnail_OOD.ubulk" 97
"../../../Engine/Content/EditorMaterials/ParticleSystems/PSysThumbnail_OOD.uasset" 98
"../../../Engine/Content/EditorMaterials/ParticleSystems/PSysThumbnail_OOD.uexp" 99
"../../../Engine/Content/EditorMaterials/ParticleSystems/PSysThumbnail_NoImage.ubulk" 100
"../../../Engine/Content/EditorMaterials/ParticleSystems/PSysThumbnail_NoImage.uasset" 101
"../../../Engine/Content/EditorMaterials/ParticleSystems/PSysThumbnail_NoImage.uexp" 102
"../../../Engine/Content/EditorMaterials/MatineeGroups/MAT_Groups_Vector.uasset" 103
"../../../Engine/Content/EditorMaterials/MatineeGroups/MAT_Groups_Vector.uexp" 104
"../../../Engine/Content/EditorMaterials/MatineeGroups/MAT_Groups_Sound.uasset" 105
"../../../Engine/Content/EditorMaterials/MatineeGroups/MAT_Groups_Sound.uexp" 106
"../../../Engine/Content/EditorMaterials/MatineeGroups/MAT_Groups_Slomo.uasset" 107
"../../../Engine/Content/EditorMaterials/MatineeGroups/MAT_Groups_Slomo.uexp" 108
"../../../Engine/Content/EditorMaterials/MatineeGroups/MAT_Groups_Move.uasset" 109
"../../../Engine/Content/EditorMaterials/MatineeGroups/MAT_Groups_Move.uexp" 110
"../../../Engine/Content/EditorMaterials/MatineeGroups/MAT_Groups_Float.uasset" 111
"../../../Engine/Content/EditorMaterials/MatineeGroups/MAT_Groups_Float.uexp" 112
"../../../Engine/Content/EditorMaterials/MatineeGroups/MAT_Groups_Fade.uasset" 113
"../../../Engine/Content/EditorMaterials/MatineeGroups/MAT_Groups_Fade.uexp" 114
"../../../Engine/Content/EditorMaterials/MatineeGroups/MAT_Groups_Event.uasset" 115
"../../../Engine/Content/EditorMaterials/MatineeGroups/MAT_Groups_Event.uexp" 116
"../../../Engine/Content/EditorMaterials/MatineeGroups/MAT_Groups_Director.uasset" 117
"../../../Engine/Content/EditorMaterials/MatineeGroups/MAT_Groups_Director.uexp" 118
"../../../Engine/Content/EditorMaterials/MatineeGroups/MAT_Groups_AudioMaster.uasset" 119
"../../../Engine/Content/EditorMaterials/MatineeGroups/MAT_Groups_AudioMaster.uexp" 120
"../../../Engine/Content/EditorMaterials/MatineeGroups/MAT_Groups_Anim.uasset" 121
"../../../Engine/Content/EditorMaterials/MatineeGroups/MAT_Groups_Anim.uexp" 122
"../../../Engine/Content/EditorMaterials/MatineeGroups/MAT_ColorTrack.uasset" 123
"../../../Engine/Content/EditorMaterials/MatineeGroups/MAT_ColorTrack.uexp" 124
"../../../Engine/Content/EditorLandscapeResources/DefaultAlphaTexture.uasset" 125
"../../../Engine/Content/EditorLandscapeResources/DefaultAlphaTexture.uexp" 126
"../../../Engine/Content/EditorLandscapeResources/DataLayer.uasset" 127
"../../../Engine/Content/EditorLandscapeResources/DataLayer.uexp" 128
"../../../Engine/Content/EngineResources/WhiteSquareTexture.uasset" 129
"../../../Engine/Content/EngineResources/WhiteSquareTexture.uexp" 130
"../../../Engine/Content/EngineMaterials/Widget3DPassThrough.uasset" 131
"../../../Engine/Content/EngineMaterials/Widget3DPassThrough.uexp" 132
"../../../Engine/Content/EngineMaterials/Widget3DPassThrough_Translucent.uasset" 133
"../../../Engine/Content/EngineMaterials/Widget3DPassThrough_Translucent.uexp" 134
"../../../Engine/Content/EngineMaterials/Widget3DPassThrough_Translucent_OneSided.uasset" 135
"../../../Engine/Content/EngineMaterials/Widget3DPassThrough_Translucent_OneSided.uexp" 136
"../../../Engine/Content/EngineMaterials/Widget3DPassThrough_Opaque.uasset" 137
"../../../Engine/Content/EngineMaterials/Widget3DPassThrough_Opaque.uexp" 138
"../../../Engine/Content/EngineMaterials/Widget3DPassThrough_Opaque_OneSided.uasset" 139
"../../../Engine/Content/EngineMaterials/Widget3DPassThrough_Opaque_OneSided.uexp" 140
"../../../Engine/Content/EngineMaterials/Widget3DPassThrough_Masked_OneSided.uasset" 141
"../../../Engine/Content/EngineMaterials/Widget3DPassThrough_Masked_OneSided.uexp" 142
"../../../Engine/Content/EngineMaterials/Widget3DPassThrough_Masked.uasset" 143
"../../../Engine/Content/EngineMaterials/Widget3DPassThrough_Masked.uexp" 144
"../../../Engine/Content/EngineMaterials/WeightMapPlaceholderTexture.uasset" 145
"../../../Engine/Content/EngineMaterials/WeightMapPlaceholderTexture.uexp" 146
"../../../Engine/Content/EngineMaterials/RemoveSurfaceMaterial.uasset" 147
"../../../Engine/Content/EngineMaterials/RemoveSurfaceMaterial.uexp" 148
"../../../Engine/Content/EngineMaterials/PreintegratedSkinBRDF.uasset" 149
"../../../Engine/Content/EngineMaterials/PreintegratedSkinBRDF.uexp" 150
"../../../Engine/Content/EngineMaterials/DefaultCalibrationGrayscale.uasset" 151
"../../../Engine/Content/EngineMaterials/DefaultCalibrationGrayscale.uexp" 152
"../../../Engine/Content/EngineMaterials/PPM_DefaultCalibrationGrayscale.uasset" 153
"../../../Engine/Content/EngineMaterials/PPM_DefaultCalibrationGrayscale.uexp" 154
"../../../Engine/Content/EngineMaterials/DefaultCalibrationColor.uasset" 155
"../../../Engine/Content/EngineMaterials/DefaultCalibrationColor.uexp" 156
"../../../Engine/Content/EngineMaterials/PPM_DefaultCalibrationColor.uasset" 157
"../../../Engine/Content/EngineMaterials/PPM_DefaultCalibrationColor.uexp" 158
"../../../Engine/Content/Functions/Engine_MaterialFunctions02/WorldPositionOffset/CameraOffset.uasset" 159
"../../../Engine/Content/Functions/Engine_MaterialFunctions02/WorldPositionOffset/CameraOffset.uexp" 160
"../../../Engine/Content/EngineMaterials/PhAT_JointLimitMaterial.uasset" 161
"../../../Engine/Content/EngineMaterials/PhAT_JointLimitMaterial.uexp" 162
"../../../Engine/Content/EngineMaterials/InvalidLightmapSettings.ubulk" 163
"../../../Engine/Content/EngineMaterials/InvalidLightmapSettings.uasset" 164
"../../../Engine/Content/EngineMaterials/InvalidLightmapSettings.uexp" 165
"../../../Engine/Content/EngineMaterials/M_InvalidLightmapSettings.uasset" 166
"../../../Engine/Content/EngineMaterials/M_InvalidLightmapSettings.uexp" 167
"../../../Engine/Content/EngineMaterials/MiniFont.uasset" 168
"../../../Engine/Content/EngineMaterials/MiniFont.uexp" 169
"../../../Engine/Content/EngineMaterials/Good64x64TilingNoiseHighFreq.uasset" 170
"../../../Engine/Content/EngineMaterials/Good64x64TilingNoiseHighFreq.uexp" 171
"../../../Engine/Content/EngineMaterials/GizmoMaterial.uasset" 172
"../../../Engine/Content/EngineMaterials/GizmoMaterial.uexp" 173
"../../../Engine/Content/EngineMaterials/BaseFlattenEmissiveMap_VT.uasset" 174
"../../../Engine/Content/EngineMaterials/BaseFlattenEmissiveMap_VT.uexp" 175
"../../../Engine/Content/EngineMaterials/BaseFlattenGrayscaleMap_VT.uasset" 176
"../../../Engine/Content/EngineMaterials/BaseFlattenGrayscaleMap_VT.uexp" 177
"../../../Engine/Content/EngineMaterials/BaseFlattenLinearColor_VT.uasset" 178
"../../../Engine/Content/EngineMaterials/BaseFlattenLinearColor_VT.uexp" 179
"../../../Engine/Content/EngineMaterials/Black_1x1_EXR_Texture_VT.uasset" 180
"../../../Engine/Content/EngineMaterials/Black_1x1_EXR_Texture_VT.uexp" 181
"../../../Engine/Content/EngineMaterials/BaseFlattenDiffuseMap_VT.uasset" 182
"../../../Engine/Content/EngineMaterials/BaseFlattenDiffuseMap_VT.uexp" 183
"../../../Engine/Content/EngineMaterials/BaseFlattenNormalMap_VT.uasset" 184
"../../../Engine/Content/EngineMaterials/BaseFlattenNormalMap_VT.uexp" 185
"../../../Engine/Content/EngineMaterials/FlattenMaterial_WS_Normal_VT.uasset" 186
"../../../Engine/Content/EngineMaterials/FlattenMaterial_WS_Normal_VT.uexp" 187
"../../../Engine/Content/EngineMaterials/FlattenMaterial_VT.uasset" 188
"../../../Engine/Content/EngineMaterials/FlattenMaterial_VT.uexp" 189
"../../../Engine/Content/EngineMaterials/BaseFlattenNormalMap.uasset" 190
"../../../Engine/Content/EngineMaterials/BaseFlattenNormalMap.uexp" 191
"../../../Engine/Content/EngineMaterials/BaseFlattenGrayscaleMap.uasset" 192
"../../../Engine/Content/EngineMaterials/BaseFlattenGrayscaleMap.uexp" 193
"../../../Engine/Content/EngineMaterials/BaseFlattenDiffuseMap.uasset" 194
"../../../Engine/Content/EngineMaterials/BaseFlattenDiffuseMap.uexp" 195
"../../../Engine/Content/Functions/Engine_MaterialFunctions02/PivotPainter2/Black_1x1_EXR_Texture.uasset" 196
"../../../Engine/Content/Functions/Engine_MaterialFunctions02/PivotPainter2/Black_1x1_EXR_Texture.uexp" 197
"../../../Engine/Content/EngineMaterials/BaseFlattenEmissiveMap.uasset" 198
"../../../Engine/Content/EngineMaterials/BaseFlattenEmissiveMap.uexp" 199
"../../../Engine/Content/EngineMaterials/BaseFlattenLinearColor.uasset" 200
"../../../Engine/Content/EngineMaterials/BaseFlattenLinearColor.uexp" 201
"../../../Engine/Content/EngineMaterials/FlattenMaterial.uasset" 202
"../../../Engine/Content/EngineMaterials/FlattenMaterial.uexp" 203
"../../../Engine/Content/EngineMaterials/DefaultWhiteGrid_Low.uasset" 204
"../../../Engine/Content/EngineMaterials/DefaultWhiteGrid_Low.uexp" 205
"../../../Engine/Content/EngineMaterials/EmissiveMeshMaterial.uasset" 206
"../../../Engine/Content/EngineMaterials/EmissiveMeshMaterial.uexp" 207
"../../../Engine/Content/EngineMeshes/Sphere.uasset" 208
"../../../Engine/Content/EngineMeshes/Sphere.uexp" 209
"../../../Engine/Content/EngineMaterials/DefaultWhiteGrid.ubulk" 210
"../../../Engine/Content/EngineMaterials/DefaultWhiteGrid.uasset" 211
"../../../Engine/Content/EngineMaterials/DefaultWhiteGrid.uexp" 212
"../../../Engine/Content/EngineFonts/RobotoDistanceField.uasset" 213
"../../../Engine/Content/EngineFonts/RobotoDistanceField.uexp" 214
"../../../Engine/Content/EngineMaterials/DefaultTextMaterialOpaque.uasset" 215
"../../../Engine/Content/EngineMaterials/DefaultTextMaterialOpaque.uexp" 216
"../../../Engine/Content/EngineMaterials/DefaultDiffuse.ubulk" 217
"../../../Engine/Content/EngineMaterials/DefaultDiffuse.uasset" 218
"../../../Engine/Content/EngineMaterials/DefaultDiffuse.uexp" 219
"../../../Engine/Content/Functions/Engine_MaterialFunctions02/Utility/BreakOutFloat2Components.uasset" 220
"../../../Engine/Content/Functions/Engine_MaterialFunctions02/Utility/BreakOutFloat2Components.uexp" 221
"../../../Engine/Content/EngineMaterials/DefaultPostProcessMaterial.uasset" 222
"../../../Engine/Content/EngineMaterials/DefaultPostProcessMaterial.uexp" 223
"../../../Engine/Content/EngineMaterials/DefaultPhysicalMaterial.uasset" 224
"../../../Engine/Content/EngineMaterials/DefaultPhysicalMaterial.uexp" 225
"../../../Engine/Content/EngineMaterials/DefaultLightFunctionMaterial.uasset" 226
"../../../Engine/Content/EngineMaterials/DefaultLightFunctionMaterial.uexp" 227
"../../../Engine/Content/EngineMaterials/DefaultDestructiblePhysicalMaterial.uasset" 228
"../../../Engine/Content/EngineMaterials/DefaultDestructiblePhysicalMaterial.uexp" 229
"../../../Engine/Content/EngineMaterials/DefaultDeferredDecalMaterial.uasset" 230
"../../../Engine/Content/EngineMaterials/DefaultDeferredDecalMaterial.uexp" 231
"../../../Engine/Content/EngineMaterials/DefaultBokeh.uasset" 232
"../../../Engine/Content/EngineMaterials/DefaultBokeh.uexp" 233
"../../../Engine/Content/EngineMaterials/DefaultBloomKernel.uasset" 234
"../../../Engine/Content/EngineMaterials/DefaultBloomKernel.uexp" 235
"../../../Engine/Content/EngineMaterials/BlueNoise.uasset" 236
"../../../Engine/Content/EngineMaterials/BlueNoise.uexp" 237
"../../../Engine/Content/EngineMaterials/T_Default_Material_Grid_M.ubulk" 238
"../../../Engine/Content/EngineMaterials/T_Default_Material_Grid_M.uasset" 239
"../../../Engine/Content/EngineMaterials/T_Default_Material_Grid_M.uexp" 240
"../../../Engine/Content/EngineMaterials/T_Default_Material_Grid_N.ubulk" 241
"../../../Engine/Content/EngineMaterials/T_Default_Material_Grid_N.uasset" 242
"../../../Engine/Content/EngineMaterials/T_Default_Material_Grid_N.uexp" 243
"../../../Engine/Content/Functions/Engine_MaterialFunctions01/Opacity/CameraDepthFade.uasset" 244
"../../../Engine/Content/Functions/Engine_MaterialFunctions01/Opacity/CameraDepthFade.uexp" 245
"../../../Engine/Content/EngineMaterials/DefaultMaterial.uasset" 246
"../../../Engine/Content/EngineMaterials/DefaultMaterial.uexp" 247
"../../../Engine/Content/BasicShapes/Sphere.uasset" 248
"../../../Engine/Content/BasicShapes/Sphere.uexp" 249
"../../../Engine/Content/EngineMaterials/WorldGridMaterial.uasset" 250
"../../../Engine/Content/EngineMaterials/WorldGridMaterial.uexp" 251
"../../../Engine/Content/BasicShapes/Plane.uasset" 252
"../../../Engine/Content/BasicShapes/Plane.uexp" 253
"../../../Engine/Content/BasicShapes/Cylinder.uasset" 254
"../../../Engine/Content/BasicShapes/Cylinder.uexp" 255
"../../../Engine/Content/BasicShapes/Cone.uasset" 256
"../../../Engine/Content/BasicShapes/Cone.uexp" 257
"../../../Engine/Content/ArtTools/RenderToTexture/Meshes/S_1_Unit_Plane.uasset" 258
"../../../Engine/Content/ArtTools/RenderToTexture/Meshes/S_1_Unit_Plane.uexp" 259
"../../../Engine/Content/EngineResources/GradientTexture0.uasset" 260
"../../../Engine/Content/EngineResources/GradientTexture0.uexp" 261
"../../../Engine/Content/EngineResources/DefaultVolumeTexture2D.uasset" 262
"../../../Engine/Content/EngineResources/DefaultVolumeTexture2D.uexp" 263
"../../../Engine/Content/EngineResources/DefaultVolumeTexture.uasset" 264
"../../../Engine/Content/EngineResources/DefaultVolumeTexture.uexp" 265
"../../../Engine/Content/EngineResources/DefaultTextureCube.uasset" 266
"../../../Engine/Content/EngineResources/DefaultTextureCube.uexp" 267
"../../../Engine/Content/EngineResources/DefaultTexture.ubulk" 268
"../../../Engine/Content/EngineResources/DefaultTexture.uasset" 269
"../../../Engine/Content/EngineResources/DefaultTexture.uexp" 270
"../../../Engine/Content/EngineResources/Black.uasset" 271
"../../../Engine/Content/EngineResources/Black.uexp" 272
"../../../Engine/Content/EngineResources/FilmGrains/Marcie_Grain_v3_128_M2_000.uasset" 273
"../../../Engine/Content/EngineResources/FilmGrains/Marcie_Grain_v3_128_M2_000.uexp" 274
"../../../Engine/Content/EngineSky/VolumetricClouds/CloudWeatherTexture.uasset" 275
"../../../Engine/Content/EngineSky/VolumetricClouds/CloudWeatherTexture.uexp" 276
"../../../Engine/Content/Functions/Engine_MaterialFunctions02/Utility/MakeFloat2.uasset" 277
"../../../Engine/Content/Functions/Engine_MaterialFunctions02/Utility/MakeFloat2.uexp" 278
"../../../Engine/Content/EngineSky/VolumetricClouds/CloudGradientTexture.uasset" 279
"../../../Engine/Content/EngineSky/VolumetricClouds/CloudGradientTexture.uexp" 280
"../../../Engine/Content/EngineSky/VolumetricClouds/T_NoiseShape64.ubulk" 281
"../../../Engine/Content/EngineSky/VolumetricClouds/T_NoiseShape64.uasset" 282
"../../../Engine/Content/EngineSky/VolumetricClouds/T_NoiseShape64.uexp" 283
"../../../Engine/Content/EngineSky/VolumetricClouds/T_VolumeNoiseShape64.uasset" 284
"../../../Engine/Content/EngineSky/VolumetricClouds/T_VolumeNoiseShape64.uexp" 285
"../../../Engine/Content/EngineSky/VolumetricClouds/T_NoiseErosion.ubulk" 286
"../../../Engine/Content/EngineSky/VolumetricClouds/T_NoiseErosion.uasset" 287
"../../../Engine/Content/EngineSky/VolumetricClouds/T_NoiseErosion.uexp" 288
"../../../Engine/Content/EngineSky/VolumetricClouds/T_VolumeNoiseErosion32.uasset" 289
"../../../Engine/Content/EngineSky/VolumetricClouds/T_VolumeNoiseErosion32.uexp" 290
"../../../Engine/Content/EngineSky/VolumetricClouds/m_SimpleVolumetricCloud.uasset" 291
"../../../Engine/Content/EngineSky/VolumetricClouds/m_SimpleVolumetricCloud.uexp" 292
"../../../Engine/Content/EngineSky/VolumetricClouds/m_SimpleVolumetricCloud_Inst.uasset" 293
"../../../Engine/Content/EngineSky/VolumetricClouds/m_SimpleVolumetricCloud_Inst.uexp" 294
"../../../Engine/Content/EngineSounds/Master.uasset" 295
"../../../Engine/Content/EngineSounds/Master.uexp" 296
"../../../Engine/Content/Functions/Engine_MaterialFunctions01/Shading/PowerToRoughness.uasset" 297
"../../../Engine/Content/Functions/Engine_MaterialFunctions01/Shading/PowerToRoughness.uexp" 298
"../../../Engine/Content/Functions/Engine_MaterialFunctions01/Shading/ConvertFromDiffSpec.uasset" 299
"../../../Engine/Content/Functions/Engine_MaterialFunctions01/Shading/ConvertFromDiffSpec.uexp" 300
"../../../Engine/Content/MobileResources/HUD/VirtualJoystick_Background.uasset" 301
"../../../Engine/Content/MobileResources/HUD/VirtualJoystick_Background.uexp" 302
"../../../Engine/Content/MobileResources/HUD/VirtualJoystick_Thumb.uasset" 303
"../../../Engine/Content/MobileResources/HUD/VirtualJoystick_Thumb.uexp" 304
"../../../Engine/Content/MobileResources/HUD/DefaultVirtualJoysticks.uasset" 305
"../../../Engine/Content/MobileResources/HUD/DefaultVirtualJoysticks.uexp" 306
"../../../Engine/Content/Tutorial/ContentIntroCurve.uasset" 307
"../../../Engine/Content/Tutorial/ContentIntroCurve.uexp" 308
"../../../Engine/Content/VREditor/TransformGizmo/Main.uasset" 309
"../../../Engine/Content/VREditor/TransformGizmo/Main.uexp" 310
"../../../Engine/Content/VREditor/TransformGizmo/Xray.uasset" 311
"../../../Engine/Content/VREditor/TransformGizmo/Xray.uexp" 312
"../../../Engine/Content/VREditor/TransformGizmo/SM_Sequencer_Node.uasset" 313
"../../../Engine/Content/VREditor/TransformGizmo/SM_Sequencer_Node.uexp" 314
"../../../Engine/Content/VREditor/LaserPointer/VR_LaserPower_01.ubulk" 315
"../../../Engine/Content/VREditor/LaserPointer/VR_LaserPower_01.uasset" 316
"../../../Engine/Content/VREditor/LaserPointer/VR_LaserPower_01.uexp" 317
"../../../Engine/Content/VREditor/TransformGizmo/TransformGizmoMaterial.uasset" 318
"../../../Engine/Content/VREditor/TransformGizmo/TransformGizmoMaterial.uexp" 319
"../../../Engine/Content/VREditor/TransformGizmo/TranslucentTransformGizmoMaterial.uasset" 320
"../../../Engine/Content/VREditor/TransformGizmo/TranslucentTransformGizmoMaterial.uexp" 321
"../../../Engine/Content/VREditor/TransformGizmo/PlaneTranslationHandle.uasset" 322
"../../../Engine/Content/VREditor/TransformGizmo/PlaneTranslationHandle.uexp" 323
"../../../Engine/Content/VREditor/TransformGizmo/BoundingBoxEdge.uasset" 324
"../../../Engine/Content/VREditor/TransformGizmo/BoundingBoxEdge.uexp" 325
"../../../Engine/Content/VREditor/TransformGizmo/BoundingBoxCorner.uasset" 326
"../../../Engine/Content/VREditor/TransformGizmo/BoundingBoxCorner.uexp" 327
"../../../Engine/Plugins/2D/Paper2D/Content/PlaceholderTextures/DummySpriteTexture.ubulk" 328
"../../../Engine/Plugins/2D/Paper2D/Content/PlaceholderTextures/DummySpriteTexture.uasset" 329
"../../../Engine/Plugins/2D/Paper2D/Content/PlaceholderTextures/DummySpriteTexture.uexp" 330
"../../../Engine/Plugins/2D/Paper2D/Content/DefaultSpriteMaterial.uasset" 331
"../../../Engine/Plugins/2D/Paper2D/Content/DefaultSpriteMaterial.uexp" 332
"../../../Engine/Plugins/2D/Paper2D/Content/OpaqueUnlitSpriteMaterial.uasset" 333
"../../../Engine/Plugins/2D/Paper2D/Content/OpaqueUnlitSpriteMaterial.uexp" 334
"../../../Engine/Plugins/2D/Paper2D/Content/MaskedUnlitSpriteMaterial.uasset" 335
"../../../Engine/Plugins/2D/Paper2D/Content/MaskedUnlitSpriteMaterial.uexp" 336
"../../../Engine/Plugins/2D/Paper2D/Content/DummySprite.uasset" 337
"../../../Engine/Plugins/2D/Paper2D/Content/DummySprite.uexp" 338
"../../../Engine/Plugins/2D/Paper2D/Content/DefaultPaperTerrainMaterial.uasset" 339
"../../../Engine/Plugins/2D/Paper2D/Content/DefaultPaperTerrainMaterial.uexp" 340
"../../../Engine/Plugins/Animation/ControlRig/Content/M_Manip.uasset" 341
"../../../Engine/Plugins/Animation/ControlRig/Content/M_Manip.uexp" 342
"../../../Engine/Plugins/Animation/ControlRig/Content/Controls/DefaultGizmoLibraryNormalized.uasset" 343
"../../../Engine/Plugins/Animation/ControlRig/Content/Controls/DefaultGizmoLibraryNormalized.uexp" 344
"../../../Engine/Plugins/Animation/ControlRig/Content/Controls/ControlRig_Wedge_solid.uasset" 345
"../../../Engine/Plugins/Animation/ControlRig/Content/Controls/ControlRig_Wedge_solid.uexp" 346
"../../../Engine/Plugins/Animation/ControlRig/Content/Controls/ControlRig_Wedge_3mm.uasset" 347
"../../../Engine/Plugins/Animation/ControlRig/Content/Controls/ControlRig_Wedge_3mm.uexp" 348
"../../../Engine/Plugins/Animation/ControlRig/Content/Controls/ControlRig_Wedge_1mm.uasset" 349
"../../../Engine/Plugins/Animation/ControlRig/Content/Controls/ControlRig_Wedge_1mm.uexp" 350
"../../../Engine/Plugins/Animation/ControlRig/Content/Controls/ControlRig_Triangle_solid.uasset" 351
"../../../Engine/Plugins/Animation/ControlRig/Content/Controls/ControlRig_Triangle_solid.uexp" 352
"../../../Engine/Plugins/Animation/ControlRig/Content/Controls/ControlRig_Triangle_3mm.uasset" 353
"../../../Engine/Plugins/Animation/ControlRig/Content/Controls/ControlRig_Triangle_3mm.uexp" 354
"../../../Engine/Plugins/Animation/ControlRig/Content/Controls/ControlRig_Triangle_1mm.uasset" 355
"../../../Engine/Plugins/Animation/ControlRig/Content/Controls/ControlRig_Triangle_1mm.uexp" 356
"../../../Engine/Plugins/Animation/ControlRig/Content/Controls/ControlRig_Star4_solid.uasset" 357
"../../../Engine/Plugins/Animation/ControlRig/Content/Controls/ControlRig_Star4_solid.uexp" 358
"../../../Engine/Plugins/Animation/ControlRig/Content/Controls/ControlRig_Star4_3mm.uasset" 359
"../../../Engine/Plugins/Animation/ControlRig/Content/Controls/ControlRig_Star4_3mm.uexp" 360
"../../../Engine/Plugins/Animation/ControlRig/Content/Controls/ControlRig_Star4_1mm.uasset" 361
"../../../Engine/Plugins/Animation/ControlRig/Content/Controls/ControlRig_Star4_1mm.uexp" 362
"../../../Engine/Plugins/Animation/ControlRig/Content/Controls/ControlRig_Square_solid.uasset" 363
"../../../Engine/Plugins/Animation/ControlRig/Content/Controls/ControlRig_Square_solid.uexp" 364
"../../../Engine/Plugins/Animation/ControlRig/Content/Controls/ControlRig_Square_3mm.uasset" 365
"../../../Engine/Plugins/Animation/ControlRig/Content/Controls/ControlRig_Square_3mm.uexp" 366
"../../../Engine/Plugins/Animation/ControlRig/Content/Controls/ControlRig_Square_1mm.uasset" 367
"../../../Engine/Plugins/Animation/ControlRig/Content/Controls/ControlRig_Square_1mm.uexp" 368
"../../../Engine/Plugins/Animation/ControlRig/Content/Controls/ControlRig_Sphere_solid.uasset" 369
"../../../Engine/Plugins/Animation/ControlRig/Content/Controls/ControlRig_Sphere_solid.uexp" 370
"../../../Engine/Plugins/Animation/ControlRig/Content/Controls/ControlRig_Sphere_3mm.uasset" 371
"../../../Engine/Plugins/Animation/ControlRig/Content/Controls/ControlRig_Sphere_3mm.uexp" 372
"../../../Engine/Plugins/Animation/ControlRig/Content/Controls/ControlRig_Sphere_1mm.uasset" 373
"../../../Engine/Plugins/Animation/ControlRig/Content/Controls/ControlRig_Sphere_1mm.uexp" 374
"../../../Engine/Plugins/Animation/ControlRig/Content/Controls/ControlRig_RoundedTriangle_solid.uasset" 375
"../../../Engine/Plugins/Animation/ControlRig/Content/Controls/ControlRig_RoundedTriangle_solid.uexp" 376
"../../../Engine/Plugins/Animation/ControlRig/Content/Controls/ControlRig_RoundedTriangle_3mm.uasset" 377
"../../../Engine/Plugins/Animation/ControlRig/Content/Controls/ControlRig_RoundedTriangle_3mm.uexp" 378
"../../../Engine/Plugins/Animation/ControlRig/Content/Controls/ControlRig_RoundedTriangle_1mm.uasset" 379
"../../../Engine/Plugins/Animation/ControlRig/Content/Controls/ControlRig_RoundedTriangle_1mm.uexp" 380
"../../../Engine/Plugins/Animation/ControlRig/Content/Controls/ControlRig_RoundedSquare_solid.uasset" 381
"../../../Engine/Plugins/Animation/ControlRig/Content/Controls/ControlRig_RoundedSquare_solid.uexp" 382
"../../../Engine/Plugins/Animation/ControlRig/Content/Controls/ControlRig_RoundedSquare_3mm.uasset" 383
"../../../Engine/Plugins/Animation/ControlRig/Content/Controls/ControlRig_RoundedSquare_3mm.uexp" 384
"../../../Engine/Plugins/Animation/ControlRig/Content/Controls/ControlRig_RoundedSquare_1mm.uasset" 385
"../../../Engine/Plugins/Animation/ControlRig/Content/Controls/ControlRig_RoundedSquare_1mm.uexp" 386
"../../../Engine/Plugins/Animation/ControlRig/Content/Controls/ControlRig_QuarterCircle_solid.uasset" 387
"../../../Engine/Plugins/Animation/ControlRig/Content/Controls/ControlRig_QuarterCircle_solid.uexp" 388
"../../../Engine/Plugins/Animation/ControlRig/Content/Controls/ControlRig_QuarterCircle_3mm.uasset" 389
"../../../Engine/Plugins/Animation/ControlRig/Content/Controls/ControlRig_QuarterCircle_3mm.uexp" 390
"../../../Engine/Plugins/Animation/ControlRig/Content/Controls/ControlRig_QuarterCircle_1mm.uasset" 391
"../../../Engine/Plugins/Animation/ControlRig/Content/Controls/ControlRig_QuarterCircle_1mm.uexp" 392
"../../../Engine/Plugins/Animation/ControlRig/Content/Controls/ControlRig_Pyramid_solid.uasset" 393
"../../../Engine/Plugins/Animation/ControlRig/Content/Controls/ControlRig_Pyramid_solid.uexp" 394
"../../../Engine/Plugins/Animation/ControlRig/Content/Controls/ControlRig_Pyramid_3mm.uasset" 395
"../../../Engine/Plugins/Animation/ControlRig/Content/Controls/ControlRig_Pyramid_3mm.uexp" 396
"../../../Engine/Plugins/Animation/ControlRig/Content/Controls/ControlRig_Pyramid_1mm.uasset" 397
"../../../Engine/Plugins/Animation/ControlRig/Content/Controls/ControlRig_Pyramid_1mm.uexp" 398
"../../../Engine/Plugins/Animation/ControlRig/Content/Controls/ControlRig_Octagon_solid.uasset" 399
"../../../Engine/Plugins/Animation/ControlRig/Content/Controls/ControlRig_Octagon_solid.uexp" 400
"../../../Engine/Plugins/Animation/ControlRig/Content/Controls/ControlRig_Octagon_3mm.uasset" 401
"../../../Engine/Plugins/Animation/ControlRig/Content/Controls/ControlRig_Octagon_3mm.uexp" 402
"../../../Engine/Plugins/Animation/ControlRig/Content/Controls/ControlRig_Octagon_1mm.uasset" 403
"../../../Engine/Plugins/Animation/ControlRig/Content/Controls/ControlRig_Octagon_1mm.uexp" 404
"../../../Engine/Plugins/Animation/ControlRig/Content/Controls/ControlRig_Hexagon_solid.uasset" 405
"../../../Engine/Plugins/Animation/ControlRig/Content/Controls/ControlRig_Hexagon_solid.uexp" 406
"../../../Engine/Plugins/Animation/ControlRig/Content/Controls/ControlRig_Hexagon_3mm.uasset" 407
"../../../Engine/Plugins/Animation/ControlRig/Content/Controls/ControlRig_Hexagon_3mm.uexp" 408
"../../../Engine/Plugins/Animation/ControlRig/Content/Controls/ControlRig_Hexagon_1mm.uasset" 409
"../../../Engine/Plugins/Animation/ControlRig/Content/Controls/ControlRig_Hexagon_1mm.uexp" 410
"../../../Engine/Plugins/Animation/ControlRig/Content/Controls/ControlRig_HalfCircle_solid.uasset" 411
"../../../Engine/Plugins/Animation/ControlRig/Content/Controls/ControlRig_HalfCircle_solid.uexp" 412
"../../../Engine/Plugins/Animation/ControlRig/Content/Controls/ControlRig_HalfCircle_3mm.uasset" 413
"../../../Engine/Plugins/Animation/ControlRig/Content/Controls/ControlRig_HalfCircle_3mm.uexp" 414
"../../../Engine/Plugins/Animation/ControlRig/Content/Controls/ControlRig_HalfCircle_1mm.uasset" 415
"../../../Engine/Plugins/Animation/ControlRig/Content/Controls/ControlRig_HalfCircle_1mm.uexp" 416
"../../../Engine/Plugins/Animation/ControlRig/Content/Controls/ControlRig_Diamond_solid.uasset" 417
"../../../Engine/Plugins/Animation/ControlRig/Content/Controls/ControlRig_Diamond_solid.uexp" 418
"../../../Engine/Plugins/Animation/ControlRig/Content/Controls/ControlRig_Diamond_3mm.uasset" 419
"../../../Engine/Plugins/Animation/ControlRig/Content/Controls/ControlRig_Diamond_3mm.uexp" 420
"../../../Engine/Plugins/Animation/ControlRig/Content/Controls/ControlRig_Diamond_1mm.uasset" 421
"../../../Engine/Plugins/Animation/ControlRig/Content/Controls/ControlRig_Diamond_1mm.uexp" 422
"../../../Engine/Plugins/Animation/ControlRig/Content/Controls/ControlRig_Circle_solid.uasset" 423
"../../../Engine/Plugins/Animation/ControlRig/Content/Controls/ControlRig_Circle_solid.uexp" 424
"../../../Engine/Plugins/Animation/ControlRig/Content/Controls/ControlRig_Circle_3mm.uasset" 425
"../../../Engine/Plugins/Animation/ControlRig/Content/Controls/ControlRig_Circle_3mm.uexp" 426
"../../../Engine/Plugins/Animation/ControlRig/Content/Controls/ControlRig_Circle_1mm.uasset" 427
"../../../Engine/Plugins/Animation/ControlRig/Content/Controls/ControlRig_Circle_1mm.uexp" 428
"../../../Engine/Plugins/Animation/ControlRig/Content/Controls/ControlRig_Box_solid.uasset" 429
"../../../Engine/Plugins/Animation/ControlRig/Content/Controls/ControlRig_Box_solid.uexp" 430
"../../../Engine/Plugins/Animation/ControlRig/Content/Controls/ControlRig_Box_3mm.uasset" 431
"../../../Engine/Plugins/Animation/ControlRig/Content/Controls/ControlRig_Box_3mm.uexp" 432
"../../../Engine/Plugins/Animation/ControlRig/Content/Controls/ControlRig_Box_1mm.uasset" 433
"../../../Engine/Plugins/Animation/ControlRig/Content/Controls/ControlRig_Box_1mm.uexp" 434
"../../../Engine/Plugins/Animation/ControlRig/Content/Controls/ControlRig_Arrow_solid.uasset" 435
"../../../Engine/Plugins/Animation/ControlRig/Content/Controls/ControlRig_Arrow_solid.uexp" 436
"../../../Engine/Plugins/Animation/ControlRig/Content/Controls/ControlRig_Arrow_3mm.uasset" 437
"../../../Engine/Plugins/Animation/ControlRig/Content/Controls/ControlRig_Arrow_3mm.uexp" 438
"../../../Engine/Plugins/Animation/ControlRig/Content/Controls/ControlRig_Arrow_1mm.uasset" 439
"../../../Engine/Plugins/Animation/ControlRig/Content/Controls/ControlRig_Arrow_1mm.uexp" 440
"../../../Engine/Plugins/Animation/ControlRig/Content/Controls/ControlRig_Arrow4_solid.uasset" 441
"../../../Engine/Plugins/Animation/ControlRig/Content/Controls/ControlRig_Arrow4_solid.uexp" 442
"../../../Engine/Plugins/Animation/ControlRig/Content/Controls/ControlRig_Arrow4_3mm.uasset" 443
"../../../Engine/Plugins/Animation/ControlRig/Content/Controls/ControlRig_Arrow4_3mm.uexp" 444
"../../../Engine/Plugins/Animation/ControlRig/Content/Controls/ControlRig_Arrow4_1mm.uasset" 445
"../../../Engine/Plugins/Animation/ControlRig/Content/Controls/ControlRig_Arrow4_1mm.uexp" 446
"../../../Engine/Plugins/Animation/ControlRig/Content/Controls/ControlRig_Arrow2_solid.uasset" 447
"../../../Engine/Plugins/Animation/ControlRig/Content/Controls/ControlRig_Arrow2_solid.uexp" 448
"../../../Engine/Plugins/Animation/ControlRig/Content/Controls/ControlRig_Arrow2_3mm.uasset" 449
"../../../Engine/Plugins/Animation/ControlRig/Content/Controls/ControlRig_Arrow2_3mm.uexp" 450
"../../../Engine/Plugins/Animation/ControlRig/Content/Controls/ControlRig_Arrow2_1mm.uasset" 451
"../../../Engine/Plugins/Animation/ControlRig/Content/Controls/ControlRig_Arrow2_1mm.uexp" 452
"../../../Engine/Plugins/Animation/ControlRig/Content/Controls/ControlRigGizmoMaterial.uasset" 453
"../../../Engine/Plugins/Animation/ControlRig/Content/Controls/ControlRigGizmoMaterial.uexp" 454
"../../../Engine/Plugins/Editor/SpeedTreeImporter/Content/SpeedTree9/game_wind_noise.ubulk" 455
"../../../Engine/Plugins/Editor/SpeedTreeImporter/Content/SpeedTree9/game_wind_noise.uasset" 456
"../../../Engine/Plugins/Editor/SpeedTreeImporter/Content/SpeedTree9/game_wind_noise.uexp" 457
"../../../Engine/Plugins/Editor/SpeedTreeImporter/Content/SpeedTree9/UnpackDirection.uasset" 458
"../../../Engine/Plugins/Editor/SpeedTreeImporter/Content/SpeedTree9/UnpackDirection.uexp" 459
"../../../Engine/Content/Functions/Engine_MaterialFunctions02/ObjectLocalBounds.uasset" 460
"../../../Engine/Content/Functions/Engine_MaterialFunctions02/ObjectLocalBounds.uexp" 461
"../../../Engine/Content/Functions/Engine_MaterialFunctions02/UVs/BoundingBoxBased_0-1_UVW.uasset" 462
"../../../Engine/Content/Functions/Engine_MaterialFunctions02/UVs/BoundingBoxBased_0-1_UVW.uexp" 463
"../../../Engine/Content/Functions/Engine_MaterialFunctions02/Utility/VectorLength.uasset" 464
"../../../Engine/Content/Functions/Engine_MaterialFunctions02/Utility/VectorLength.uexp" 465
"../../../Engine/Plugins/Editor/SpeedTreeImporter/Content/SpeedTree9/UnpackInteger3.uasset" 466
"../../../Engine/Plugins/Editor/SpeedTreeImporter/Content/SpeedTree9/UnpackInteger3.uexp" 467
"../../../Engine/Plugins/Editor/SpeedTreeImporter/Content/SpeedTree9/SpeedTreeCameraFacing.uasset" 468
"../../../Engine/Plugins/Editor/SpeedTreeImporter/Content/SpeedTree9/SpeedTreeCameraFacing.uexp" 469
"../../../Engine/Content/Functions/Engine_MaterialFunctions02/WorldPositionOffset/ObjectScale.uasset" 470
"../../../Engine/Content/Functions/Engine_MaterialFunctions02/WorldPositionOffset/ObjectScale.uexp" 471
"../../../Engine/Content/Functions/Engine_MaterialFunctions02/SafeNormalize.uasset" 472
"../../../Engine/Content/Functions/Engine_MaterialFunctions02/SafeNormalize.uexp" 473
"../../../Engine/Plugins/Editor/SpeedTreeImporter/Content/SpeedTree9/SpeedTreeWindMotion.uasset" 474
"../../../Engine/Plugins/Editor/SpeedTreeImporter/Content/SpeedTree9/SpeedTreeWindMotion.uexp" 475
"../../../Engine/Plugins/Editor/SpeedTreeImporter/Content/SpeedTree9/SpeedTreeBranchMotion.uasset" 476
"../../../Engine/Plugins/Editor/SpeedTreeImporter/Content/SpeedTree9/SpeedTreeBranchMotion.uexp" 477
"../../../Engine/Plugins/Editor/SpeedTreeImporter/Content/SpeedTree9/SpeedTreeWind.uasset" 478
"../../../Engine/Plugins/Editor/SpeedTreeImporter/Content/SpeedTree9/SpeedTreeWind.uexp" 479
"../../../Engine/Plugins/Editor/SpeedTreeImporter/Content/SpeedTree9/EmptyNormal.uasset" 480
"../../../Engine/Plugins/Editor/SpeedTreeImporter/Content/SpeedTree9/EmptyNormal.uexp" 481
"../../../Engine/Plugins/Editor/SpeedTreeImporter/Content/SpeedTree9/Empty.uasset" 482
"../../../Engine/Plugins/Editor/SpeedTreeImporter/Content/SpeedTree9/Empty.uexp" 483
"../../../Engine/Plugins/Editor/SpeedTreeImporter/Content/SpeedTree9/SpeedTreeMaster.uasset" 484
"../../../Engine/Plugins/Editor/SpeedTreeImporter/Content/SpeedTree9/SpeedTreeMaster.uexp" 485
"../../../Engine/Plugins/Editor/SpeedTreeImporter/Content/SpeedTree9/SpeedTreeBillboard.uasset" 486
"../../../Engine/Plugins/Editor/SpeedTreeImporter/Content/SpeedTree9/SpeedTreeBillboard.uexp" 487
"../../../Engine/Plugins/Editor/SpeedTreeImporter/Content/SpeedTree9/SpeedTreeBillboardMaster.uasset" 488
"../../../Engine/Plugins/Editor/SpeedTreeImporter/Content/SpeedTree9/SpeedTreeBillboardMaster.uexp" 489
"../../../Engine/Plugins/Runtime/HairStrands/Content/Materials/HairMeshesDefaultMaterial.uasset" 490
"../../../Engine/Plugins/Runtime/HairStrands/Content/Materials/HairMeshesDefaultMaterial.uexp" 491
"../../../Engine/Plugins/Runtime/HairStrands/Content/Materials/HairDefaultMaterial.uasset" 492
"../../../Engine/Plugins/Runtime/HairStrands/Content/Materials/HairDefaultMaterial.uexp" 493
"../../../Engine/Plugins/Runtime/HairStrands/Content/Materials/HairGroupColors.uasset" 494
"../../../Engine/Plugins/Runtime/HairStrands/Content/Materials/HairGroupColors.uexp" 495
"../../../Engine/Content/EngineMaterials/HairColorMap.uasset" 496
"../../../Engine/Content/EngineMaterials/HairColorMap.uexp" 497
"../../../Engine/Content/EngineMaterials/HairDebugColor.uasset" 498
"../../../Engine/Content/EngineMaterials/HairDebugColor.uexp" 499
"../../../Engine/Plugins/Runtime/HairStrands/Content/Materials/HairDebugMaterial.uasset" 500
"../../../Engine/Plugins/Runtime/HairStrands/Content/Materials/HairDebugMaterial.uexp" 501
"../../../Engine/Plugins/Runtime/HairStrands/Content/Materials/HairCardsDefaultMaterial.uasset" 502
"../../../Engine/Plugins/Runtime/HairStrands/Content/Materials/HairCardsDefaultMaterial.uexp" 503
"F:/UEProjects/ToonTanks 5.0/Content/Blueprints/Widgets/WBP_StartGameWidget.uasset" 504
"F:/UEProjects/ToonTanks 5.0/Content/Blueprints/Widgets/WBP_StartGameWidget.uexp" 505
"F:/UEProjects/ToonTanks 5.0/Content/Assets/Materials/M_ParticleBase.uasset" 506
"F:/UEProjects/ToonTanks 5.0/Content/Assets/Materials/M_ParticleBase.uexp" 507
"F:/UEProjects/ToonTanks 5.0/Content/Assets/Materials/M_Particle_Inst.uasset" 508
"F:/UEProjects/ToonTanks 5.0/Content/Assets/Materials/M_Particle_Inst.uexp" 509
"F:/UEProjects/ToonTanks 5.0/Content/Assets/Meshes/SM_Sphere.uasset" 510
"F:/UEProjects/ToonTanks 5.0/Content/Assets/Meshes/SM_Sphere.uexp" 511
"F:/UEProjects/ToonTanks 5.0/Content/Assets/Effects/P_ProjectileTrail.uasset" 512
"F:/UEProjects/ToonTanks 5.0/Content/Assets/Effects/P_ProjectileTrail.uexp" 513
"F:/UEProjects/ToonTanks 5.0/Content/Assets/Textures/T_ColourGrid.ubulk" 514
"F:/UEProjects/ToonTanks 5.0/Content/Assets/Textures/T_ColourGrid.uasset" 515
"F:/UEProjects/ToonTanks 5.0/Content/Assets/Textures/T_ColourGrid.uexp" 516
"F:/UEProjects/ToonTanks 5.0/Content/Assets/Materials/M_TextureBase.uasset" 517
"F:/UEProjects/ToonTanks 5.0/Content/Assets/Materials/M_TextureBase.uexp" 518
"F:/UEProjects/ToonTanks 5.0/Content/Assets/Materials/M_Texture_Inst.uasset" 519
"F:/UEProjects/ToonTanks 5.0/Content/Assets/Materials/M_Texture_Inst.uexp" 520
"F:/UEProjects/ToonTanks 5.0/Content/Assets/Materials/M_EmissiveBase.uasset" 521
"F:/UEProjects/ToonTanks 5.0/Content/Assets/Materials/M_EmissiveBase.uexp" 522
"F:/UEProjects/ToonTanks 5.0/Content/Assets/Materials/M_EmissiveRed_Inst.uasset" 523
"F:/UEProjects/ToonTanks 5.0/Content/Assets/Materials/M_EmissiveRed_Inst.uexp" 524
"F:/UEProjects/ToonTanks 5.0/Content/Assets/Meshes/SM_Projectile.uasset" 525
"F:/UEProjects/ToonTanks 5.0/Content/Assets/Meshes/SM_Projectile.uexp" 526
"F:/UEProjects/ToonTanks 5.0/Content/Assets/Effects/P_HitEffect.uasset" 527
"F:/UEProjects/ToonTanks 5.0/Content/Assets/Effects/P_HitEffect.uexp" 528
"F:/UEProjects/ToonTanks 5.0/Content/Assets/Audio/metal-hit-cartoon-7118.ubulk" 529
"F:/UEProjects/ToonTanks 5.0/Content/Assets/Audio/metal-hit-cartoon-7118.uasset" 530
"F:/UEProjects/ToonTanks 5.0/Content/Assets/Audio/metal-hit-cartoon-7118.uexp" 531
"F:/UEProjects/ToonTanks 5.0/Content/Assets/Audio/gas_large_flame_ignite_02.ubulk" 532
"F:/UEProjects/ToonTanks 5.0/Content/Assets/Audio/gas_large_flame_ignite_02.uasset" 533
"F:/UEProjects/ToonTanks 5.0/Content/Assets/Audio/gas_large_flame_ignite_02.uexp" 534
"F:/UEProjects/ToonTanks 5.0/Content/Blueprints/CameraShake/BP_HitCameraShake.uasset" 535
"F:/UEProjects/ToonTanks 5.0/Content/Blueprints/CameraShake/BP_HitCameraShake.uexp" 536
"F:/UEProjects/ToonTanks 5.0/Content/Blueprints/Actors/BP_Projectile.uasset" 537
"F:/UEProjects/ToonTanks 5.0/Content/Blueprints/Actors/BP_Projectile.uexp" 538
"F:/UEProjects/ToonTanks 5.0/Content/Assets/Effects/P_DeathEffect.uasset" 539
"F:/UEProjects/ToonTanks 5.0/Content/Assets/Effects/P_DeathEffect.uexp" 540
"F:/UEProjects/ToonTanks 5.0/Content/Assets/Materials/M_EmissiveGreen_Inst.uasset" 541
"F:/UEProjects/ToonTanks 5.0/Content/Assets/Materials/M_EmissiveGreen_Inst.uexp" 542
"F:/UEProjects/ToonTanks 5.0/Content/Assets/Meshes/SM_TankBase.uasset" 543
"F:/UEProjects/ToonTanks 5.0/Content/Assets/Meshes/SM_TankBase.uexp" 544
"F:/UEProjects/ToonTanks 5.0/Content/Assets/Meshes/SM_TankTurret.uasset" 545
"F:/UEProjects/ToonTanks 5.0/Content/Assets/Meshes/SM_TankTurret.uexp" 546
"F:/UEProjects/ToonTanks 5.0/Content/Assets/Audio/explosion_large_03.ubulk" 547
"F:/UEProjects/ToonTanks 5.0/Content/Assets/Audio/explosion_large_03.uasset" 548
"F:/UEProjects/ToonTanks 5.0/Content/Assets/Audio/explosion_large_03.uexp" 549
"F:/UEProjects/ToonTanks 5.0/Content/Blueprints/CameraShake/BP_DeathCameraShake.uasset" 550
"F:/UEProjects/ToonTanks 5.0/Content/Blueprints/CameraShake/BP_DeathCameraShake.uexp" 551
"F:/UEProjects/ToonTanks 5.0/Content/Blueprints/Pawns/BP_PawnTank.uasset" 552
"F:/UEProjects/ToonTanks 5.0/Content/Blueprints/Pawns/BP_PawnTank.uexp" 553
"F:/UEProjects/ToonTanks 5.0/Content/Blueprints/PlayerController/BP_ToonTanksPlayerController.uasset" 554
"F:/UEProjects/ToonTanks 5.0/Content/Blueprints/PlayerController/BP_ToonTanksPlayerController.uexp" 555
"F:/UEProjects/ToonTanks 5.0/Content/Blueprints/Widgets/WBP_EndGameWidget.uasset" 556
"F:/UEProjects/ToonTanks 5.0/Content/Blueprints/Widgets/WBP_EndGameWidget.uexp" 557
"F:/UEProjects/ToonTanks 5.0/Content/Blueprints/GameMode/BP_ToonTankGameMode.uasset" 558
"F:/UEProjects/ToonTanks 5.0/Content/Blueprints/GameMode/BP_ToonTankGameMode.uexp" 559
"F:/UEProjects/ToonTanks 5.0/Content/Blueprints/Pawns/BP_ComponentsActor.uasset" 560
"F:/UEProjects/ToonTanks 5.0/Content/Blueprints/Pawns/BP_ComponentsActor.uexp" 561
"../../../Engine/Content/Maps/Entry_BuiltData.uasset" 562
"../../../Engine/Content/Maps/Entry_BuiltData.uexp" 563
"../../../Engine/Content/Maps/Entry.uexp" 564
"../../../Engine/Content/Maps/Entry.umap" 565
"F:/UEProjects/ToonTanks 5.0/Content/Maps/Main_BuiltData.ubulk" 566
"F:/UEProjects/ToonTanks 5.0/Content/Maps/Main_BuiltData.uasset" 567
"F:/UEProjects/ToonTanks 5.0/Content/Maps/Main_BuiltData.uexp" 568
"../../../Engine/Content/EngineSky/C_Sky_Horizon_Color.uasset" 569
"../../../Engine/Content/EngineSky/C_Sky_Horizon_Color.uexp" 570
"../../../Engine/Content/EngineSky/T_Sky_Stars.ubulk" 571
"../../../Engine/Content/EngineSky/T_Sky_Stars.uasset" 572
"../../../Engine/Content/EngineSky/T_Sky_Stars.uexp" 573
"../../../Engine/Content/EngineSky/T_Sky_Clouds_M.ubulk" 574
"../../../Engine/Content/EngineSky/T_Sky_Clouds_M.uasset" 575
"../../../Engine/Content/EngineSky/T_Sky_Clouds_M.uexp" 576
"../../../Engine/Content/EngineSky/T_Sky_Blue.ubulk" 577
"../../../Engine/Content/EngineSky/T_Sky_Blue.uasset" 578
"../../../Engine/Content/EngineSky/T_Sky_Blue.uexp" 579
"../../../Engine/Content/EngineSky/M_Sky_Panning_Clouds2.uasset" 580
"../../../Engine/Content/EngineSky/M_Sky_Panning_Clouds2.uexp" 581
"../../../Engine/Content/EngineSky/SM_SkySphere.uasset" 582
"../../../Engine/Content/EngineSky/SM_SkySphere.uexp" 583
"../../../Engine/Content/EngineSky/C_Sky_Cloud_Color.uasset" 584
"../../../Engine/Content/EngineSky/C_Sky_Cloud_Color.uexp" 585
"../../../Engine/Content/EngineSky/C_Sky_Zenith_Color.uasset" 586
"../../../Engine/Content/EngineSky/C_Sky_Zenith_Color.uexp" 587
"../../../Engine/Content/EditorBlueprintResources/StandardMacros.uasset" 588
"../../../Engine/Content/EditorBlueprintResources/StandardMacros.uexp" 589
"../../../Engine/Content/EngineSky/BP_Sky_Sphere.uasset" 590
"../../../Engine/Content/EngineSky/BP_Sky_Sphere.uexp" 591
"F:/UEProjects/ToonTanks 5.0/Content/Assets/Meshes/SM_TowerTurret.uasset" 592
"F:/UEProjects/ToonTanks 5.0/Content/Assets/Meshes/SM_TowerTurret.uexp" 593
"F:/UEProjects/ToonTanks 5.0/Content/Assets/Meshes/SM_TowerBase.uasset" 594
"F:/UEProjects/ToonTanks 5.0/Content/Assets/Meshes/SM_TowerBase.uexp" 595
"F:/UEProjects/ToonTanks 5.0/Content/Blueprints/Pawns/BP_TurretPawn.uasset" 596
"F:/UEProjects/ToonTanks 5.0/Content/Blueprints/Pawns/BP_TurretPawn.uexp" 597
"../../../Engine/Content/BasicShapes/Cube.uasset" 598
"../../../Engine/Content/BasicShapes/Cube.uexp" 599
"../../../Engine/Content/MapTemplates/SM_Template_Map_Floor.uasset" 600
"../../../Engine/Content/MapTemplates/SM_Template_Map_Floor.uexp" 601
"F:/UEProjects/ToonTanks 5.0/Content/Assets/Textures/T_BasicGrid_M.ubulk" 602
"F:/UEProjects/ToonTanks 5.0/Content/Assets/Textures/T_BasicGrid_M.uasset" 603
"F:/UEProjects/ToonTanks 5.0/Content/Assets/Textures/T_BasicGrid_M.uexp" 604
"F:/UEProjects/ToonTanks 5.0/Content/Assets/Materials/Functions/Basic/MakeSet.uasset" 605
"F:/UEProjects/ToonTanks 5.0/Content/Assets/Materials/Functions/Basic/MakeSet.uexp" 606
"F:/UEProjects/ToonTanks 5.0/Content/Assets/Materials/Functions/Basic/BreakSet.uasset" 607
"F:/UEProjects/ToonTanks 5.0/Content/Assets/Materials/Functions/Basic/BreakSet.uexp" 608
"F:/UEProjects/ToonTanks 5.0/Content/Assets/Materials/Functions/Texture/Tex_SimpleGrid.uasset" 609
"F:/UEProjects/ToonTanks 5.0/Content/Assets/Materials/Functions/Texture/Tex_SimpleGrid.uexp" 610
"../../../Engine/Content/Functions/Engine_MaterialFunctions02/Utility/Sign.uasset" 611
"../../../Engine/Content/Functions/Engine_MaterialFunctions02/Utility/Sign.uexp" 612
"F:/UEProjects/ToonTanks 5.0/Content/Assets/Textures/T_BasicGrid_N.ubulk" 613
"F:/UEProjects/ToonTanks 5.0/Content/Assets/Textures/T_BasicGrid_N.uasset" 614
"F:/UEProjects/ToonTanks 5.0/Content/Assets/Textures/T_BasicGrid_N.uexp" 615
"../../../Engine/Content/Functions/Engine_MaterialFunctions02/Utility/Round.uasset" 616
"../../../Engine/Content/Functions/Engine_MaterialFunctions02/Utility/Round.uexp" 617
"F:/UEProjects/ToonTanks 5.0/Content/Assets/Materials/Functions/Texture/Dye_SingleColor.uasset" 618
"F:/UEProjects/ToonTanks 5.0/Content/Assets/Materials/Functions/Texture/Dye_SingleColor.uexp" 619
"F:/UEProjects/ToonTanks 5.0/Content/Assets/Materials/Functions/UV/UV_SetupGrid.uasset" 620
"F:/UEProjects/ToonTanks 5.0/Content/Assets/Materials/Functions/UV/UV_SetupGrid.uexp" 621
"F:/UEProjects/ToonTanks 5.0/Content/Assets/Materials/Functions/UV/UV_ObjectScalable.uasset" 622
"F:/UEProjects/ToonTanks 5.0/Content/Assets/Materials/Functions/UV/UV_ObjectScalable.uexp" 623
"F:/UEProjects/ToonTanks 5.0/Content/Assets/Materials/Base/M_GridBase.uasset" 624
"F:/UEProjects/ToonTanks 5.0/Content/Assets/Materials/Base/M_GridBase.uexp" 625
"F:/UEProjects/ToonTanks 5.0/Content/Assets/Materials/Base/M_Grid_Inst.uasset" 626
"F:/UEProjects/ToonTanks 5.0/Content/Assets/Materials/Base/M_Grid_Inst.uexp" 627
"F:/UEProjects/ToonTanks 5.0/Content/Maps/Main.uexp" 628
"F:/UEProjects/ToonTanks 5.0/Content/Maps/Main.umap" 629
